Watching for file changes with StatReloader
[10/Jul/2019 22:07:17] "GET /coloring/?type=gradient HTTP/1.1" 200 4837
[10/Jul/2019 22:07:21] "GET /coloring/?type=gradient HTTP/1.1" 200 4837
[10/Jul/2019 22:08:03] "GET /coloring/ HTTP/1.1" 200 4837
[11/Jul/2019 03:01:55] "GET /coloring/ HTTP/1.1" 200 4837
[11/Jul/2019 03:01:56] "GET /static/coloring/vendors/jquery/jquery-3.3.1.min.js HTTP/1.1" 304 0
[11/Jul/2019 03:01:56] "GET /static/coloring/vendors/paper/paper-full.min.js HTTP/1.1" 304 0
[11/Jul/2019 03:01:56] "GET /static/coloring/vendors/material/material-colors.json HTTP/1.1" 304 0
[11/Jul/2019 03:01:56] "GET /static/coloring/images/mandala-freepik.svg HTTP/1.1" 304 0
[14/Jul/2019 20:32:04] "GET /coloring/ HTTP/1.1" 200 4837
Not Found: /favicon.ico
[14/Jul/2019 20:32:05] "GET /favicon.ico HTTP/1.1" 404 2097
[14/Jul/2019 20:32:05] "GET /admin/login/?next=/admin/ HTTP/1.1" 200 1819
[14/Jul/2019 20:47:09] "GET /coloring/ HTTP/1.1" 200 5462
[14/Jul/2019 20:47:09] "GET /static/coloring/vendors/paper/paper-full.min.js HTTP/1.1" 304 0
[14/Jul/2019 20:47:09] "GET /static/coloring/vendors/jquery/jquery-3.3.1.min.js HTTP/1.1" 304 0
[14/Jul/2019 20:47:09] "GET /static/coloring/images/mandala-freepik.svg HTTP/1.1" 304 0
[14/Jul/2019 20:47:09] "GET /static/coloring/vendors/material/material-colors.json HTTP/1.1" 304 0
Not Found: /favicon.ico
[14/Jul/2019 20:47:10] "GET /favicon.ico HTTP/1.1" 404 2097
[14/Jul/2019 20:47:52] "GET /coloring/ HTTP/1.1" 200 5426
[14/Jul/2019 20:48:51] "GET /coloring/ HTTP/1.1" 200 5429
[14/Jul/2019 20:50:41] "GET /coloring/ HTTP/1.1" 200 5442
[14/Jul/2019 20:53:01] "GET /coloring/ HTTP/1.1" 200 5444
[14/Jul/2019 20:55:18] "GET /coloring/ HTTP/1.1" 200 5469
[14/Jul/2019 21:01:17] "GET /coloring/ HTTP/1.1" 200 5468
[14/Jul/2019 21:02:12] "GET /coloring/ HTTP/1.1" 200 5451
[14/Jul/2019 21:02:23] "GET /coloring/ HTTP/1.1" 200 5450
[14/Jul/2019 21:04:10] "GET /coloring/ HTTP/1.1" 200 5552
[14/Jul/2019 21:06:32] "GET /coloring/ HTTP/1.1" 200 5615
[14/Jul/2019 21:07:14] "GET /coloring/ HTTP/1.1" 200 5617
[14/Jul/2019 21:08:25] "GET /coloring/ HTTP/1.1" 200 5620
[14/Jul/2019 21:11:52] "GET /coloring/ HTTP/1.1" 200 5660
[14/Jul/2019 21:15:40] "GET /coloring/ HTTP/1.1" 200 5687
[14/Jul/2019 21:16:22] "GET /coloring/ HTTP/1.1" 200 5626
[14/Jul/2019 21:16:32] "GET /coloring/ HTTP/1.1" 200 5641
[14/Jul/2019 21:17:44] "GET /coloring/ HTTP/1.1" 200 5618
[14/Jul/2019 21:19:11] "GET /coloring/ HTTP/1.1" 200 5630
[14/Jul/2019 21:19:51] "GET /coloring/ HTTP/1.1" 200 5638
[14/Jul/2019 21:21:57] "GET /coloring/ HTTP/1.1" 200 5617
[14/Jul/2019 21:23:22] "GET /coloring/ HTTP/1.1" 200 5617
[14/Jul/2019 21:24:39] "GET /coloring/ HTTP/1.1" 200 5672
[14/Jul/2019 21:25:20] "GET /coloring/ HTTP/1.1" 200 5672
[14/Jul/2019 21:27:51] "GET /coloring/ HTTP/1.1" 200 5672
[14/Jul/2019 21:28:59] "GET /coloring/ HTTP/1.1" 200 5643
[14/Jul/2019 21:31:40] "GET /coloring/ HTTP/1.1" 200 5644
[14/Jul/2019 21:34:31] "GET /coloring/ HTTP/1.1" 200 5659
[14/Jul/2019 21:35:27] "GET /coloring/ HTTP/1.1" 200 5723
[14/Jul/2019 21:35:49] "GET /coloring/ HTTP/1.1" 200 5722
[14/Jul/2019 21:40:27] "GET /coloring/ HTTP/1.1" 200 5722
[14/Jul/2019 21:43:01] "GET /coloring/ HTTP/1.1" 200 5711
[14/Jul/2019 21:43:07] "GET /coloring/ HTTP/1.1" 200 5711
[14/Jul/2019 21:43:23] "GET /coloring/ HTTP/1.1" 200 5720
[14/Jul/2019 21:43:26] "GET /coloring/ HTTP/1.1" 200 5720
[14/Jul/2019 21:47:20] "GET /coloring/ HTTP/1.1" 200 5890
[14/Jul/2019 21:49:11] "GET /coloring/ HTTP/1.1" 200 5900
[14/Jul/2019 21:50:13] "GET /coloring/ HTTP/1.1" 200 5900
[14/Jul/2019 21:50:13] "GET /static/coloring/vendors/jquery/jquery-3.3.1.min.js HTTP/1.1" 200 86926
[14/Jul/2019 21:50:13] "GET /static/coloring/vendors/paper/paper-full.min.js HTTP/1.1" 200 232305
Not Found: /favicon.ico
[14/Jul/2019 21:50:13] "GET /favicon.ico HTTP/1.1" 404 2097
[14/Jul/2019 21:50:14] "GET /static/coloring/vendors/material/material-colors.json HTTP/1.1" 200 5976
[14/Jul/2019 21:50:14] "GET /static/coloring/images/mandala-freepik.svg HTTP/1.1" 200 88094
[14/Jul/2019 21:51:51] "GET /coloring/ HTTP/1.1" 200 5943
[14/Jul/2019 21:52:33] "GET /coloring/ HTTP/1.1" 200 5917
[14/Jul/2019 21:53:57] "GET /coloring/ HTTP/1.1" 200 6079
[14/Jul/2019 21:54:21] "GET /coloring/ HTTP/1.1" 200 6082
[14/Jul/2019 21:55:58] "GET /coloring/ HTTP/1.1" 200 5974
[14/Jul/2019 21:57:20] "GET /coloring/ HTTP/1.1" 200 6019
[14/Jul/2019 21:58:45] "GET /coloring/ HTTP/1.1" 200 6019
[14/Jul/2019 21:58:45] "GET /static/coloring/vendors/jquery/jquery-3.3.1.min.js HTTP/1.1" 200 86926
[14/Jul/2019 21:58:45] "GET /static/coloring/vendors/paper/paper-full.min.js HTTP/1.1" 200 232305
[14/Jul/2019 21:58:46] "GET /static/coloring/vendors/material/material-colors.json HTTP/1.1" 200 5976
[14/Jul/2019 21:58:46] "GET /static/coloring/images/mandala-freepik.svg HTTP/1.1" 200 88094
Not Found: /favicon.ico
[14/Jul/2019 21:58:46] "GET /favicon.ico HTTP/1.1" 404 2097
[14/Jul/2019 21:58:57] "GET /coloring/ HTTP/1.1" 200 6019
[14/Jul/2019 21:58:57] "GET /static/coloring/vendors/jquery/jquery-3.3.1.min.js HTTP/1.1" 200 86926
[14/Jul/2019 21:58:57] "GET /static/coloring/vendors/paper/paper-full.min.js HTTP/1.1" 200 232305
[14/Jul/2019 21:58:58] "GET /static/coloring/images/mandala-freepik.svg HTTP/1.1" 200 88094
[14/Jul/2019 21:58:58] "GET /static/coloring/vendors/material/material-colors.json HTTP/1.1" 200 5976
[14/Jul/2019 21:59:57] "GET /coloring/ HTTP/1.1" 200 6019
[14/Jul/2019 22:00:18] "GET /coloring/ HTTP/1.1" 200 6019
[14/Jul/2019 22:01:02] "GET /coloring/ HTTP/1.1" 200 6019
[14/Jul/2019 22:02:38] "GET /coloring/ HTTP/1.1" 200 6011
[14/Jul/2019 22:02:44] "GET /coloring/ HTTP/1.1" 200 6011
[14/Jul/2019 22:06:04] "GET /coloring/ HTTP/1.1" 200 6338
[14/Jul/2019 22:09:10] "GET /coloring/ HTTP/1.1" 200 6445
[14/Jul/2019 22:10:19] "GET /coloring/ HTTP/1.1" 200 6531
[14/Jul/2019 22:16:36] "GET /coloring/ HTTP/1.1" 200 6584
[14/Jul/2019 22:17:30] "GET /coloring/ HTTP/1.1" 200 6648
[14/Jul/2019 22:18:39] "GET /coloring/ HTTP/1.1" 200 6651
[14/Jul/2019 22:21:12] "GET /coloring/ HTTP/1.1" 200 6651
[14/Jul/2019 22:26:25] "GET /coloring/ HTTP/1.1" 200 6885
[14/Jul/2019 22:47:39] "GET /coloring/ HTTP/1.1" 200 6885
[14/Jul/2019 22:47:39] "GET /static/coloring/templates/coloring/styledComps.css HTTP/1.1" 404 1773
[14/Jul/2019 22:50:14] "GET /coloring/ HTTP/1.1" 200 6870
[14/Jul/2019 22:50:14] "GET /static/coloring/css/styledComps.css HTTP/1.1" 200 473
[14/Jul/2019 22:55:05] "GET /coloring/ HTTP/1.1" 200 6870
[14/Jul/2019 22:55:05] "GET /static/coloring/css/styledComps.css HTTP/1.1" 200 472
[14/Jul/2019 23:00:47] "GET /coloring/ HTTP/1.1" 200 6993
[14/Jul/2019 23:00:47] "GET /static/coloring/css/styledComps.css HTTP/1.1" 200 441
[14/Jul/2019 23:01:58] "GET /coloring/ HTTP/1.1" 200 7043
[14/Jul/2019 23:01:58] "GET /static/coloring/css/styledComps.css HTTP/1.1" 304 0
[14/Jul/2019 23:02:51] "GET /coloring/ HTTP/1.1" 200 7043
[14/Jul/2019 23:02:52] "GET /static/coloring/css/styledComps.css HTTP/1.1" 304 0
[14/Jul/2019 23:03:15] "GET /coloring/ HTTP/1.1" 200 7044
[14/Jul/2019 23:03:15] "GET /static/coloring/css/styledComps.css HTTP/1.1" 304 0
[14/Jul/2019 23:04:38] "GET /coloring/ HTTP/1.1" 200 7103
[14/Jul/2019 23:04:38] "GET /static/coloring/css/styledComps.css HTTP/1.1" 304 0
[14/Jul/2019 23:09:56] "GET /coloring/ HTTP/1.1" 200 7209
[14/Jul/2019 23:09:56] "GET /static/coloring/css/styledComps.css HTTP/1.1" 304 0
[14/Jul/2019 23:15:36] "GET /coloring/ HTTP/1.1" 200 7212
[14/Jul/2019 23:15:36] "GET /static/coloring/css/styledComps.css HTTP/1.1" 304 0
[14/Jul/2019 23:16:45] "GET /coloring/ HTTP/1.1" 200 7212
[14/Jul/2019 23:16:45] "GET /static/coloring/css/styledComps.css HTTP/1.1" 304 0
[14/Jul/2019 23:18:29] "GET /coloring/ HTTP/1.1" 200 7216
[14/Jul/2019 23:18:29] "GET /static/coloring/css/styledComps.css HTTP/1.1" 304 0
[14/Jul/2019 23:18:55] "GET /coloring/ HTTP/1.1" 200 7224
[14/Jul/2019 23:18:55] "GET /static/coloring/css/styledComps.css HTTP/1.1" 304 0
[14/Jul/2019 23:19:03] "GET /coloring/ HTTP/1.1" 200 7235
[14/Jul/2019 23:19:04] "GET /static/coloring/css/styledComps.css HTTP/1.1" 304 0
[14/Jul/2019 23:20:49] "GET /coloring/ HTTP/1.1" 200 7235
[14/Jul/2019 23:20:49] "GET /static/coloring/css/styledComps.css HTTP/1.1" 200 474
[14/Jul/2019 23:26:16] "GET /coloring/ HTTP/1.1" 200 7312
[14/Jul/2019 23:26:16] "GET /static/coloring/css/styledComps.css HTTP/1.1" 200 472
[14/Jul/2019 23:28:41] "GET /coloring/ HTTP/1.1" 200 7372
[14/Jul/2019 23:28:42] "GET /static/coloring/css/styledComps.css HTTP/1.1" 304 0
[14/Jul/2019 23:31:26] "GET /coloring/ HTTP/1.1" 200 6884
[14/Jul/2019 23:31:26] "GET /static/coloring/css/styledComps.css HTTP/1.1" 304 0
[14/Jul/2019 23:32:35] "GET /coloring/ HTTP/1.1" 200 6884
[14/Jul/2019 23:32:35] "GET /static/coloring/css/styledComps.css HTTP/1.1" 200 520
[14/Jul/2019 23:33:52] "GET /coloring/ HTTP/1.1" 200 6923
[14/Jul/2019 23:33:52] "GET /static/coloring/css/styledComps.css HTTP/1.1" 304 0
[14/Jul/2019 23:34:33] "GET /coloring/ HTTP/1.1" 200 6949
[14/Jul/2019 23:34:34] "GET /static/coloring/css/styledComps.css HTTP/1.1" 304 0
[14/Jul/2019 23:35:17] "GET /coloring/ HTTP/1.1" 200 6949
[14/Jul/2019 23:35:17] "GET /static/coloring/css/styledComps.css HTTP/1.1" 304 0
[14/Jul/2019 23:36:56] "GET /coloring/ HTTP/1.1" 200 6961
[14/Jul/2019 23:36:56] "GET /static/coloring/css/styledComps.css HTTP/1.1" 304 0
[14/Jul/2019 23:38:11] "GET /coloring/ HTTP/1.1" 200 6961
[14/Jul/2019 23:38:11] "GET /static/coloring/css/styledComps.css HTTP/1.1" 200 550
[14/Jul/2019 23:38:28] "GET /coloring/ HTTP/1.1" 200 6961
[14/Jul/2019 23:38:28] "GET /static/coloring/css/styledComps.css HTTP/1.1" 200 546
[14/Jul/2019 23:40:57] "GET /coloring/ HTTP/1.1" 200 6961
[14/Jul/2019 23:40:57] "GET /static/coloring/css/styledComps.css HTTP/1.1" 200 540
[14/Jul/2019 23:41:38] "GET /coloring/ HTTP/1.1" 200 6961
[14/Jul/2019 23:41:38] "GET /static/coloring/css/styledComps.css HTTP/1.1" 200 542
[14/Jul/2019 23:42:15] "GET /coloring/ HTTP/1.1" 200 6961
[14/Jul/2019 23:42:15] "GET /static/coloring/css/styledComps.css HTTP/1.1" 200 559
[14/Jul/2019 23:42:49] "GET /coloring/ HTTP/1.1" 200 7008
[14/Jul/2019 23:42:49] "GET /static/coloring/css/styledComps.css HTTP/1.1" 304 0
[14/Jul/2019 23:43:28] "GET /coloring/ HTTP/1.1" 200 7015
[14/Jul/2019 23:43:28] "GET /static/coloring/css/styledComps.css HTTP/1.1" 304 0
[14/Jul/2019 23:44:04] "GET /coloring/ HTTP/1.1" 200 7054
[14/Jul/2019 23:44:04] "GET /static/coloring/css/styledComps.css HTTP/1.1" 304 0
[14/Jul/2019 23:45:03] "GET /coloring/ HTTP/1.1" 200 7054
[14/Jul/2019 23:45:03] "GET /static/coloring/css/styledComps.css HTTP/1.1" 200 619
[14/Jul/2019 23:45:25] "GET /coloring/ HTTP/1.1" 200 7054
[14/Jul/2019 23:45:25] "GET /static/coloring/css/styledComps.css HTTP/1.1" 200 613
[14/Jul/2019 23:45:40] "GET /coloring/ HTTP/1.1" 200 7054
[14/Jul/2019 23:45:40] "GET /static/coloring/css/styledComps.css HTTP/1.1" 200 612
[14/Jul/2019 23:47:33] "GET /coloring/ HTTP/1.1" 200 7095
[14/Jul/2019 23:47:33] "GET /static/coloring/css/styledComps.css HTTP/1.1" 304 0
[14/Jul/2019 23:48:57] "GET /coloring/ HTTP/1.1" 200 7095
[14/Jul/2019 23:48:57] "GET /static/coloring/css/styledComps.css HTTP/1.1" 200 615
[14/Jul/2019 23:49:09] "GET /coloring/ HTTP/1.1" 200 7095
[14/Jul/2019 23:49:09] "GET /static/coloring/css/styledComps.css HTTP/1.1" 200 617
[14/Jul/2019 23:49:41] "GET /coloring/ HTTP/1.1" 200 7095
[14/Jul/2019 23:49:41] "GET /static/coloring/css/styledComps.css HTTP/1.1" 200 609
[14/Jul/2019 23:49:53] "GET /coloring/ HTTP/1.1" 200 7095
[14/Jul/2019 23:49:53] "GET /static/coloring/css/styledComps.css HTTP/1.1" 200 610
[14/Jul/2019 23:54:09] "GET /coloring/ HTTP/1.1" 200 7095
[14/Jul/2019 23:54:09] "GET /static/coloring/css/styledComps.css HTTP/1.1" 200 629
[14/Jul/2019 23:54:37] "GET /coloring/ HTTP/1.1" 200 7113
[14/Jul/2019 23:54:38] "GET /static/coloring/css/styledComps.css HTTP/1.1" 200 610
[14/Jul/2019 23:56:08] "GET /coloring/ HTTP/1.1" 200 7113
[14/Jul/2019 23:56:08] "GET /static/coloring/css/styledComps.css HTTP/1.1" 200 623
[14/Jul/2019 23:56:30] "GET /coloring/ HTTP/1.1" 200 7113
[14/Jul/2019 23:56:30] "GET /static/coloring/css/styledComps.css HTTP/1.1" 200 624
[14/Jul/2019 23:57:53] "GET /coloring/ HTTP/1.1" 200 7113
[14/Jul/2019 23:57:53] "GET /static/coloring/css/styledComps.css HTTP/1.1" 200 635
[14/Jul/2019 23:59:37] "GET /coloring/ HTTP/1.1" 200 7113
[14/Jul/2019 23:59:37] "GET /static/coloring/css/styledComps.css HTTP/1.1" 200 681
[15/Jul/2019 00:04:12] "GET /coloring/ HTTP/1.1" 200 7113
[15/Jul/2019 00:04:12] "GET /static/coloring/css/styledComps.css HTTP/1.1" 200 657
[15/Jul/2019 00:04:34] "GET /coloring/ HTTP/1.1" 200 7113
[15/Jul/2019 00:04:34] "GET /static/coloring/css/styledComps.css HTTP/1.1" 200 656
[15/Jul/2019 00:08:53] "GET /coloring/ HTTP/1.1" 200 7113
[15/Jul/2019 00:08:53] "GET /static/coloring/css/styledComps.css HTTP/1.1" 200 656
[15/Jul/2019 00:09:24] "GET /coloring/ HTTP/1.1" 200 7113
[15/Jul/2019 00:09:24] "GET /static/coloring/css/styledComps.css HTTP/1.1" 200 684
[15/Jul/2019 00:10:00] "GET /coloring/ HTTP/1.1" 200 7107
[15/Jul/2019 00:10:00] "GET /static/coloring/css/styledComps.css HTTP/1.1" 304 0
[15/Jul/2019 00:10:26] "GET /coloring/ HTTP/1.1" 200 7107
[15/Jul/2019 00:10:26] "GET /static/coloring/css/styledComps.css HTTP/1.1" 200 670
[15/Jul/2019 00:12:09] "GET /coloring/ HTTP/1.1" 200 7127
[15/Jul/2019 00:12:10] "GET /static/coloring/css/styledComps.css HTTP/1.1" 304 0
[15/Jul/2019 00:14:22] "GET /coloring/ HTTP/1.1" 200 7127
[15/Jul/2019 00:14:22] "GET /static/coloring/css/styledComps.css HTTP/1.1" 200 683
[15/Jul/2019 00:14:36] "GET /coloring/ HTTP/1.1" 200 7127
[15/Jul/2019 00:14:36] "GET /static/coloring/css/styledComps.css HTTP/1.1" 200 683
[15/Jul/2019 00:15:24] "GET /coloring/ HTTP/1.1" 200 7127
[15/Jul/2019 00:15:25] "GET /static/coloring/css/styledComps.css HTTP/1.1" 200 709
[15/Jul/2019 00:25:09] "GET /coloring/ HTTP/1.1" 200 7559
[15/Jul/2019 00:25:09] "GET /static/coloring/css/styledComps.css HTTP/1.1" 304 0
[15/Jul/2019 00:26:07] "GET /coloring/ HTTP/1.1" 200 7121
[15/Jul/2019 00:26:07] "GET /static/coloring/css/styledComps.css HTTP/1.1" 200 710
[15/Jul/2019 00:26:30] "GET /coloring/ HTTP/1.1" 200 7127
[15/Jul/2019 00:26:30] "GET /static/coloring/css/styledComps.css HTTP/1.1" 304 0
[15/Jul/2019 00:27:06] "GET /coloring/ HTTP/1.1" 200 7127
[15/Jul/2019 00:27:06] "GET /static/coloring/css/styledComps.css HTTP/1.1" 200 682
[15/Jul/2019 01:51:08] "GET /coloring/ HTTP/1.1" 200 7332
[15/Jul/2019 01:51:08] "GET /static/coloring/css/styledComps.css HTTP/1.1" 304 0
[15/Jul/2019 01:52:58] "GET /coloring/ HTTP/1.1" 200 7149
[15/Jul/2019 01:52:58] "GET /static/coloring/css/styledComps.css HTTP/1.1" 304 0
[15/Jul/2019 01:53:37] "GET /coloring/ HTTP/1.1" 200 7212
[15/Jul/2019 01:53:37] "GET /static/coloring/css/styledComps.css HTTP/1.1" 304 0
[15/Jul/2019 01:54:03] "GET /coloring/ HTTP/1.1" 200 7236
[15/Jul/2019 01:54:03] "GET /static/coloring/css/styledComps.css HTTP/1.1" 304 0
[15/Jul/2019 01:56:17] "GET /coloring/ HTTP/1.1" 200 7308
[15/Jul/2019 01:56:17] "GET /static/coloring/css/styledComps.css HTTP/1.1" 304 0
[15/Jul/2019 01:58:10] "GET /coloring/ HTTP/1.1" 200 7318
[15/Jul/2019 01:58:10] "GET /static/coloring/css/styledComps.css HTTP/1.1" 304 0
[15/Jul/2019 01:58:16] "GET /static/coloring/css/styledComps.css HTTP/1.1" 304 0
[15/Jul/2019 01:59:29] "GET /coloring/ HTTP/1.1" 200 7287
[15/Jul/2019 01:59:29] "GET /static/coloring/css/styledComps.css HTTP/1.1" 304 0
[15/Jul/2019 01:59:40] "GET /coloring/ HTTP/1.1" 200 7290
[15/Jul/2019 01:59:41] "GET /static/coloring/css/styledComps.css HTTP/1.1" 304 0
[15/Jul/2019 02:03:28] "GET /coloring/?type=gradient HTTP/1.1" 200 7290
[15/Jul/2019 02:03:29] "GET /static/coloring/css/styledComps.css HTTP/1.1" 304 0
[15/Jul/2019 02:08:25] "GET /coloring/ HTTP/1.1" 200 7325
[15/Jul/2019 02:08:25] "GET /static/coloring/css/styledComps.css HTTP/1.1" 304 0
[15/Jul/2019 02:09:15] "GET /coloring/ HTTP/1.1" 200 7325
[15/Jul/2019 02:09:54] "GET /coloring/ HTTP/1.1" 200 7342
[15/Jul/2019 02:09:54] "GET /static/coloring/css/styledComps.css HTTP/1.1" 200 722
[15/Jul/2019 02:11:32] "GET /coloring/ HTTP/1.1" 200 7366
[15/Jul/2019 02:11:32] "GET /static/coloring/css/styledComps.css HTTP/1.1" 304 0
[15/Jul/2019 02:12:27] "GET /coloring/ HTTP/1.1" 200 7398
[15/Jul/2019 02:12:27] "GET /static/coloring/css/styledComps.css HTTP/1.1" 304 0
[15/Jul/2019 02:16:21] "GET /coloring/ HTTP/1.1" 200 7571
[15/Jul/2019 02:16:21] "GET /static/coloring/css/styledComps.css HTTP/1.1" 304 0
[15/Jul/2019 02:16:54] "GET /coloring/ HTTP/1.1" 200 7571
[15/Jul/2019 02:16:54] "GET /static/coloring/css/styledComps.css HTTP/1.1" 200 722
[15/Jul/2019 02:19:02] "GET /coloring/ HTTP/1.1" 200 7699
[15/Jul/2019 02:19:02] "GET /static/coloring/css/styledComps.css HTTP/1.1" 304 0
[15/Jul/2019 02:27:39] "GET /coloring/ HTTP/1.1" 200 7833
[15/Jul/2019 02:27:39] "GET /static/coloring/css/styledComps.css HTTP/1.1" 304 0
[15/Jul/2019 02:32:48] "GET /coloring/ HTTP/1.1" 200 7826
[15/Jul/2019 02:32:48] "GET /static/coloring/css/styledComps.css HTTP/1.1" 304 0
[15/Jul/2019 02:32:49] "GET /static/coloring/images/pencilIco.png HTTP/1.1" 200 4919
[15/Jul/2019 02:35:10] "GET /coloring/ HTTP/1.1" 200 7826
[15/Jul/2019 02:35:11] "GET /static/coloring/css/styledComps.css HTTP/1.1" 304 0
[15/Jul/2019 02:35:11] "GET /static/coloring/images/pencilIco.png HTTP/1.1" 200 4951
[15/Jul/2019 02:51:50] "GET /coloring/ HTTP/1.1" 200 7826
[15/Jul/2019 02:51:50] "GET /static/coloring/css/styledComps.css HTTP/1.1" 200 732
[15/Jul/2019 02:51:50] "GET /static/coloring/images/pencilIco.png HTTP/1.1" 304 0
[15/Jul/2019 02:53:07] "GET /coloring/ HTTP/1.1" 200 7826
[15/Jul/2019 02:53:07] "GET /static/coloring/css/styledComps.css HTTP/1.1" 200 709
[15/Jul/2019 02:53:07] "GET /static/coloring/images/pencilIco.png HTTP/1.1" 304 0
[15/Jul/2019 02:58:59] "GET /coloring/ HTTP/1.1" 200 8085
[15/Jul/2019 02:58:59] "GET /static/coloring/css/styledComps.css HTTP/1.1" 200 709
[15/Jul/2019 02:59:01] "GET /static/coloring/images/pencilIco.png HTTP/1.1" 304 0
[15/Jul/2019 03:00:58] "GET /coloring/ HTTP/1.1" 200 7985
[15/Jul/2019 03:00:59] "GET /static/coloring/css/styledComps.css HTTP/1.1" 304 0
[15/Jul/2019 03:01:02] "GET /static/coloring/images/pencilIco.png HTTP/1.1" 304 0
[15/Jul/2019 03:01:04] "GET /static/coloring/css/styledComps.css HTTP/1.1" 304 0
[15/Jul/2019 03:01:20] "GET /coloring/ HTTP/1.1" 200 7977
[15/Jul/2019 03:01:21] "GET /static/coloring/css/styledComps.css HTTP/1.1" 304 0
[15/Jul/2019 03:01:22] "GET /static/coloring/images/pencilIco.png HTTP/1.1" 304 0
[15/Jul/2019 03:01:57] "GET /static/coloring/css/styledComps.css HTTP/1.1" 304 0
[15/Jul/2019 03:02:02] "GET /coloring/ HTTP/1.1" 200 7977
[15/Jul/2019 03:02:03] "GET /static/coloring/css/styledComps.css HTTP/1.1" 304 0
[15/Jul/2019 03:02:04] "GET /static/coloring/images/pencilIco.png HTTP/1.1" 304 0
[15/Jul/2019 03:05:52] "GET /coloring/ HTTP/1.1" 200 8098
[15/Jul/2019 03:05:52] "GET /static/coloring/css/styledComps.css HTTP/1.1" 304 0
[15/Jul/2019 03:05:53] "GET /static/coloring/images/pencilIco.png HTTP/1.1" 304 0
[15/Jul/2019 03:09:05] "GET /coloring/ HTTP/1.1" 200 8098
[15/Jul/2019 03:09:05] "GET /static/coloring/css/styledComps.css HTTP/1.1" 200 796
[15/Jul/2019 03:09:06] "GET /static/coloring/images/pencilIco.png HTTP/1.1" 304 0
[15/Jul/2019 03:09:22] "GET /coloring/ HTTP/1.1" 200 8098
[15/Jul/2019 03:09:22] "GET /static/coloring/css/styledComps.css HTTP/1.1" 200 796
[15/Jul/2019 03:09:23] "GET /static/coloring/images/pencilIco.png HTTP/1.1" 304 0
[15/Jul/2019 03:39:15] "GET /coloring/ HTTP/1.1" 200 8393
[15/Jul/2019 03:39:15] "GET /static/coloring/css/styledComps.css HTTP/1.1" 304 0
[15/Jul/2019 03:39:16] "GET /static/coloring/images/pencilIco.png HTTP/1.1" 304 0
[15/Jul/2019 03:40:32] "GET /coloring/ HTTP/1.1" 200 8392
[15/Jul/2019 03:40:32] "GET /static/coloring/css/styledComps.css HTTP/1.1" 304 0
[15/Jul/2019 03:40:33] "GET /static/coloring/images/pencilIco.png HTTP/1.1" 304 0
[15/Jul/2019 03:41:15] "GET /coloring/ HTTP/1.1" 200 8392
[15/Jul/2019 03:41:15] "GET /static/coloring/css/styledComps.css HTTP/1.1" 304 0
[15/Jul/2019 03:41:15] "GET /coloring/ HTTP/1.1" 200 8392
[15/Jul/2019 03:41:15] "GET /static/coloring/css/styledComps.css HTTP/1.1" 304 0
[15/Jul/2019 03:41:16] "GET /static/coloring/images/pencilIco.png HTTP/1.1" 304 0
[15/Jul/2019 03:43:28] "GET /coloring/ HTTP/1.1" 200 8392
[15/Jul/2019 03:43:28] "GET /static/coloring/css/styledComps.css HTTP/1.1" 304 0
[15/Jul/2019 03:43:29] "GET /static/coloring/images/pencilIco.png HTTP/1.1" 200 4863
[15/Jul/2019 03:45:35] "GET /coloring/ HTTP/1.1" 200 8354
[15/Jul/2019 03:45:35] "GET /static/coloring/css/styledComps.css HTTP/1.1" 304 0
[15/Jul/2019 03:45:35] "GET /static/coloring/images/pencilIco.png HTTP/1.1" 304 0
[15/Jul/2019 03:54:11] "GET /coloring/ HTTP/1.1" 200 8490
[15/Jul/2019 03:54:11] "GET /static/coloring/images/expandOut.png HTTP/1.1" 200 6425
[15/Jul/2019 03:54:11] "GET /static/coloring/css/styledComps.css HTTP/1.1" 304 0
[15/Jul/2019 03:54:12] "GET /static/coloring/images/pencilIco.png HTTP/1.1" 304 0
[15/Jul/2019 03:54:29] "GET /coloring/ HTTP/1.1" 200 8490
[15/Jul/2019 03:54:29] "GET /static/coloring/css/styledComps.css HTTP/1.1" 304 0
[15/Jul/2019 03:54:29] "GET /static/coloring/images/expandOut.png HTTP/1.1" 304 0
[15/Jul/2019 03:54:30] "GET /static/coloring/images/pencilIco.png HTTP/1.1" 304 0
[15/Jul/2019 03:54:50] "GET /coloring/ HTTP/1.1" 200 8490
[15/Jul/2019 03:54:50] "GET /static/coloring/css/styledComps.css HTTP/1.1" 304 0
[15/Jul/2019 03:54:50] "GET /static/coloring/images/expandOut.png HTTP/1.1" 304 0
[15/Jul/2019 03:54:50] "GET /static/coloring/images/pencilIco.png HTTP/1.1" 304 0
[15/Jul/2019 03:56:09] "GET /coloring/ HTTP/1.1" 200 8506
[15/Jul/2019 03:56:10] "GET /static/coloring/css/styledComps.css HTTP/1.1" 304 0
[15/Jul/2019 03:56:10] "GET /static/coloring/images/expandOut.png HTTP/1.1" 304 0
[15/Jul/2019 03:56:13] "GET /static/coloring/images/pencilIco.png HTTP/1.1" 304 0
[15/Jul/2019 03:57:51] "GET /coloring/ HTTP/1.1" 200 8663
[15/Jul/2019 03:57:51] "GET /static/coloring/css/styledComps.css HTTP/1.1" 304 0
[15/Jul/2019 03:57:51] "GET /static/coloring/images/expandOut.png HTTP/1.1" 304 0
[15/Jul/2019 03:57:52] "GET /static/coloring/images/pencilIco.png HTTP/1.1" 304 0
[15/Jul/2019 03:57:58] "GET /static/coloring/css/styledComps.css HTTP/1.1" 304 0
[15/Jul/2019 03:58:54] "GET /coloring/ HTTP/1.1" 200 8661
[15/Jul/2019 03:58:54] "GET /static/coloring/css/styledComps.css HTTP/1.1" 304 0
[15/Jul/2019 03:58:54] "GET /static/coloring/images/expandOut.png HTTP/1.1" 304 0
[15/Jul/2019 03:58:55] "GET /static/coloring/images/pencilIco.png HTTP/1.1" 304 0
[15/Jul/2019 03:59:16] "GET /coloring/ HTTP/1.1" 200 8647
[15/Jul/2019 03:59:16] "GET /static/coloring/css/styledComps.css HTTP/1.1" 304 0
[15/Jul/2019 03:59:16] "GET /static/coloring/images/expandOut.png HTTP/1.1" 304 0
[15/Jul/2019 03:59:16] "GET /static/coloring/images/pencilIco.png HTTP/1.1" 304 0
[15/Jul/2019 04:01:08] "GET /coloring/ HTTP/1.1" 200 8649
[15/Jul/2019 04:01:09] "GET /static/coloring/css/styledComps.css HTTP/1.1" 304 0
[15/Jul/2019 04:01:09] "GET /static/coloring/images/expandOut.png HTTP/1.1" 304 0
[15/Jul/2019 04:01:13] "GET /static/coloring/images/pencilIco.png HTTP/1.1" 304 0
[15/Jul/2019 04:02:48] "GET /coloring/ HTTP/1.1" 200 8649
[15/Jul/2019 04:02:48] "GET /static/coloring/images/expandOut.png HTTP/1.1" 304 0
[15/Jul/2019 04:02:48] "GET /static/coloring/css/styledComps.css HTTP/1.1" 304 0
[15/Jul/2019 04:02:51] "GET /static/coloring/images/pencilIco.png HTTP/1.1" 304 0
[15/Jul/2019 04:03:52] "GET /coloring/ HTTP/1.1" 200 8646
[15/Jul/2019 04:03:52] "GET /static/coloring/css/styledComps.css HTTP/1.1" 304 0
[15/Jul/2019 04:03:52] "GET /static/coloring/images/expandOut.png HTTP/1.1" 304 0
[15/Jul/2019 04:04:01] "GET /static/coloring/images/pencilIco.png HTTP/1.1" 304 0
[15/Jul/2019 04:05:42] "GET /coloring/ HTTP/1.1" 200 8652
[15/Jul/2019 04:05:43] "GET /static/coloring/images/expandOut.png HTTP/1.1" 304 0
[15/Jul/2019 04:05:43] "GET /static/coloring/css/styledComps.css HTTP/1.1" 304 0
[15/Jul/2019 04:05:45] "GET /static/coloring/images/pencilIco.png HTTP/1.1" 304 0
[15/Jul/2019 04:06:27] "GET /coloring/ HTTP/1.1" 200 8654
[15/Jul/2019 04:06:27] "GET /static/coloring/images/expandOut.png HTTP/1.1" 304 0
[15/Jul/2019 04:06:27] "GET /static/coloring/css/styledComps.css HTTP/1.1" 304 0
[15/Jul/2019 04:06:34] "GET /static/coloring/images/pencilIco.png HTTP/1.1" 304 0
[15/Jul/2019 04:07:54] "GET /coloring/ HTTP/1.1" 200 8654
[15/Jul/2019 04:07:54] "GET /static/coloring/css/styledComps.css HTTP/1.1" 200 848
[15/Jul/2019 04:07:54] "GET /static/coloring/images/expandOut.png HTTP/1.1" 304 0
[15/Jul/2019 04:07:55] "GET /static/coloring/images/pencilIco.png HTTP/1.1" 304 0
[15/Jul/2019 04:11:20] "GET /coloring/ HTTP/1.1" 200 8701
[15/Jul/2019 04:11:20] "GET /static/coloring/css/styledComps.css HTTP/1.1" 304 0
[15/Jul/2019 04:11:20] "GET /static/coloring/images/expandOut.png HTTP/1.1" 304 0
[15/Jul/2019 04:11:23] "GET /static/coloring/images/pencilIco.png HTTP/1.1" 304 0
[15/Jul/2019 04:11:36] "GET /coloring/ HTTP/1.1" 200 8699
[15/Jul/2019 04:11:36] "GET /static/coloring/css/styledComps.css HTTP/1.1" 304 0
[15/Jul/2019 04:11:36] "GET /static/coloring/images/expandOut.png HTTP/1.1" 304 0
[15/Jul/2019 04:11:50] "GET /static/coloring/images/pencilIco.png HTTP/1.1" 304 0
[15/Jul/2019 04:11:54] "GET /static/coloring/css/styledComps.css HTTP/1.1" 304 0
[15/Jul/2019 04:18:43] "GET /coloring/ HTTP/1.1" 200 8712
[15/Jul/2019 04:18:44] "GET /static/coloring/css/styledComps.css HTTP/1.1" 304 0
[15/Jul/2019 04:18:44] "GET /static/coloring/images/expandIn.png HTTP/1.1" 200 6735
[15/Jul/2019 04:18:45] "GET /static/coloring/images/pencilIco.png HTTP/1.1" 304 0
[15/Jul/2019 04:19:04] "GET /static/coloring/css/styledComps.css HTTP/1.1" 304 0
[15/Jul/2019 04:19:27] "GET /coloring/ HTTP/1.1" 200 8712
[15/Jul/2019 04:19:27] "GET /static/coloring/css/styledComps.css HTTP/1.1" 304 0
[15/Jul/2019 04:19:27] "GET /static/coloring/images/expandIn.png HTTP/1.1" 304 0
[15/Jul/2019 04:24:25] "GET /static/coloring/images/pencilIco.png HTTP/1.1" 304 0
[15/Jul/2019 04:24:26] "GET /coloring/ HTTP/1.1" 200 9022
[15/Jul/2019 04:24:26] "GET /static/coloring/images/expandIn.png HTTP/1.1" 304 0
[15/Jul/2019 04:24:26] "GET /static/coloring/css/styledComps.css HTTP/1.1" 304 0
[15/Jul/2019 04:24:29] "GET /static/coloring/images/pencilIco.png HTTP/1.1" 304 0
[15/Jul/2019 04:24:54] "GET /static/coloring/css/styledComps.css HTTP/1.1" 304 0
[15/Jul/2019 04:26:21] "GET /coloring/ HTTP/1.1" 200 9089
[15/Jul/2019 04:26:21] "GET /static/coloring/css/styledComps.css HTTP/1.1" 304 0
[15/Jul/2019 04:26:21] "GET /static/coloring/images/expandIn.png HTTP/1.1" 304 0
[15/Jul/2019 04:26:24] "GET /static/coloring/images/pencilIco.png HTTP/1.1" 304 0
[15/Jul/2019 04:26:26] "GET /static/coloring/css/styledComps.css HTTP/1.1" 304 0
[15/Jul/2019 04:33:14] "GET /coloring/ HTTP/1.1" 200 8845
[15/Jul/2019 04:33:14] "GET /static/coloring/css/styledComps.css HTTP/1.1" 304 0
[15/Jul/2019 04:33:14] "GET /static/coloring/images/expandIn.png HTTP/1.1" 304 0
[15/Jul/2019 04:33:16] "GET /static/coloring/images/pencilIco.png HTTP/1.1" 304 0
[15/Jul/2019 04:33:38] "GET /coloring/ HTTP/1.1" 200 8848
[15/Jul/2019 04:33:38] "GET /static/coloring/css/styledComps.css HTTP/1.1" 304 0
[15/Jul/2019 04:33:38] "GET /static/coloring/images/expandIn.png HTTP/1.1" 304 0
[15/Jul/2019 04:33:40] "GET /static/coloring/images/pencilIco.png HTTP/1.1" 304 0
[15/Jul/2019 04:34:22] "GET /coloring/ HTTP/1.1" 200 8848
[15/Jul/2019 04:34:22] "GET /static/coloring/images/expandIn.png HTTP/1.1" 304 0
[15/Jul/2019 04:34:22] "GET /static/coloring/css/styledComps.css HTTP/1.1" 304 0
[15/Jul/2019 04:34:24] "GET /static/coloring/images/pencilIco.png HTTP/1.1" 304 0
[15/Jul/2019 04:35:03] "GET /coloring/ HTTP/1.1" 200 8848
[15/Jul/2019 04:35:03] "GET /static/coloring/css/styledComps.css HTTP/1.1" 200 883
[15/Jul/2019 04:35:03] "GET /static/coloring/images/expandIn.png HTTP/1.1" 304 0
[15/Jul/2019 04:35:06] "GET /static/coloring/images/pencilIco.png HTTP/1.1" 304 0
[15/Jul/2019 04:37:16] "GET /coloring/ HTTP/1.1" 200 8811
[15/Jul/2019 04:37:16] "GET /static/coloring/css/styledComps.css HTTP/1.1" 304 0
[15/Jul/2019 04:37:16] "GET /static/coloring/images/expandIn.png HTTP/1.1" 304 0
[15/Jul/2019 04:37:18] "GET /static/coloring/images/pencilIco.png HTTP/1.1" 304 0
[15/Jul/2019 04:37:21] "GET /static/coloring/css/styledComps.css HTTP/1.1" 304 0
[15/Jul/2019 04:37:49] "GET /coloring/ HTTP/1.1" 200 8809
[15/Jul/2019 04:37:49] "GET /static/coloring/css/styledComps.css HTTP/1.1" 304 0
[15/Jul/2019 04:37:49] "GET /static/coloring/images/expandIn.png HTTP/1.1" 304 0
[15/Jul/2019 04:37:51] "GET /static/coloring/images/pencilIco.png HTTP/1.1" 304 0
[15/Jul/2019 04:37:55] "GET /static/coloring/css/styledComps.css HTTP/1.1" 304 0
[15/Jul/2019 04:39:47] "GET /coloring/ HTTP/1.1" 200 8817
[15/Jul/2019 04:39:48] "GET /static/coloring/css/styledComps.css HTTP/1.1" 304 0
[15/Jul/2019 04:39:48] "GET /static/coloring/images/expandIn.png HTTP/1.1" 304 0
[15/Jul/2019 04:39:49] "GET /static/coloring/images/pencilIco.png HTTP/1.1" 304 0
[15/Jul/2019 04:42:30] "GET /coloring/ HTTP/1.1" 200 8872
[15/Jul/2019 04:42:30] "GET /static/coloring/css/styledComps.css HTTP/1.1" 304 0
[15/Jul/2019 04:42:30] "GET /static/coloring/images/expandIn.png HTTP/1.1" 304 0
[15/Jul/2019 04:42:32] "GET /static/coloring/images/pencilIco.png HTTP/1.1" 304 0
[15/Jul/2019 04:44:58] "GET /coloring/ HTTP/1.1" 200 8984
[15/Jul/2019 04:44:58] "GET /static/coloring/css/styledComps.css HTTP/1.1" 304 0
[15/Jul/2019 04:44:58] "GET /static/coloring/images/expandIn.png HTTP/1.1" 304 0
[15/Jul/2019 04:45:00] "GET /static/coloring/images/pencilIco.png HTTP/1.1" 304 0
[15/Jul/2019 04:46:47] "GET /coloring/ HTTP/1.1" 200 9145
[15/Jul/2019 04:46:47] "GET /static/coloring/css/styledComps.css HTTP/1.1" 304 0
[15/Jul/2019 04:46:47] "GET /static/coloring/images/expandIn.png HTTP/1.1" 304 0
[15/Jul/2019 04:46:48] "GET /static/coloring/images/expandOut.png HTTP/1.1" 304 0
[15/Jul/2019 04:46:49] "GET /static/coloring/images/pencilIco.png HTTP/1.1" 304 0
[15/Jul/2019 04:47:22] "GET /coloring/ HTTP/1.1" 200 9187
[15/Jul/2019 04:47:22] "GET /static/coloring/images/expandIn.png HTTP/1.1" 304 0
[15/Jul/2019 04:47:22] "GET /static/coloring/css/styledComps.css HTTP/1.1" 304 0
[15/Jul/2019 04:47:23] "GET /static/coloring/images/pencilIco.png HTTP/1.1" 304 0
[15/Jul/2019 04:47:24] "GET /static/coloring/images/expandOut.png HTTP/1.1" 304 0
[15/Jul/2019 04:47:31] "GET /static/coloring/images/expandIn.png HTTP/1.1" 304 0
[15/Jul/2019 04:48:34] "GET /static/coloring/images/expandOut.png HTTP/1.1" 304 0
[15/Jul/2019 04:50:48] "GET /static/coloring/images/expandOut.png HTTP/1.1" 304 0
[15/Jul/2019 04:56:59] "GET /coloring/ HTTP/1.1" 200 9187
[15/Jul/2019 04:56:59] "GET /static/coloring/css/styledComps.css HTTP/1.1" 304 0
[15/Jul/2019 04:56:59] "GET /static/coloring/images/expandIn.png HTTP/1.1" 200 2930
[15/Jul/2019 04:57:00] "GET /static/coloring/images/pencilIco.png HTTP/1.1" 304 0
[15/Jul/2019 04:57:03] "GET /static/coloring/images/expandOut.png HTTP/1.1" 200 2898
[15/Jul/2019 04:59:43] "GET /coloring/ HTTP/1.1" 200 9187
[15/Jul/2019 04:59:43] "GET /static/coloring/css/styledComps.css HTTP/1.1" 304 0
[15/Jul/2019 04:59:43] "GET /static/coloring/images/expandIn.png HTTP/1.1" 200 3851
[15/Jul/2019 04:59:45] "GET /static/coloring/images/expandOut.png HTTP/1.1" 200 4134
[15/Jul/2019 04:59:45] "GET /static/coloring/images/pencilIco.png HTTP/1.1" 304 0
[15/Jul/2019 05:05:43] "GET /static/coloring/images/expandOut.png HTTP/1.1" 304 0
[15/Jul/2019 05:07:48] "GET /static/coloring/images/expandOut.png HTTP/1.1" 304 0
[15/Jul/2019 05:09:51] "GET /coloring/ HTTP/1.1" 200 9187
[15/Jul/2019 05:09:51] "GET /static/coloring/images/expandIn.png HTTP/1.1" 304 0
[15/Jul/2019 05:09:51] "GET /static/coloring/css/styledComps.css HTTP/1.1" 200 927
[15/Jul/2019 05:09:53] "GET /static/coloring/images/pencilIco.png HTTP/1.1" 304 0
[15/Jul/2019 05:10:40] "GET /coloring/ HTTP/1.1" 200 9187
[15/Jul/2019 05:10:40] "GET /static/coloring/css/styledComps.css HTTP/1.1" 200 958
[15/Jul/2019 05:10:40] "GET /static/coloring/images/expandIn.png HTTP/1.1" 304 0
[15/Jul/2019 05:10:42] "GET /static/coloring/images/pencilIco.png HTTP/1.1" 304 0
[15/Jul/2019 05:11:21] "GET /static/coloring/images/expandOut.png HTTP/1.1" 304 0
[15/Jul/2019 05:11:26] "GET /coloring/ HTTP/1.1" 200 9187
[15/Jul/2019 05:11:26] "GET /static/coloring/images/expandIn.png HTTP/1.1" 304 0
[15/Jul/2019 05:11:26] "GET /static/coloring/css/styledComps.css HTTP/1.1" 200 884
[15/Jul/2019 05:11:27] "GET /static/coloring/images/pencilIco.png HTTP/1.1" 304 0
[15/Jul/2019 05:11:29] "GET /static/coloring/images/expandOut.png HTTP/1.1" 304 0
[15/Jul/2019 05:13:03] "GET /coloring/ HTTP/1.1" 200 9195
[15/Jul/2019 05:13:03] "GET /static/coloring/css/styledComps.css HTTP/1.1" 304 0
[15/Jul/2019 05:13:03] "GET /static/coloring/images/expandIn.png HTTP/1.1" 304 0
[15/Jul/2019 05:13:04] "GET /static/coloring/images/pencilIco.png HTTP/1.1" 304 0
[15/Jul/2019 05:20:38] "GET /coloring/ HTTP/1.1" 200 9433
[15/Jul/2019 05:20:39] "GET /static/coloring/images/expandIn.png HTTP/1.1" 304 0
[15/Jul/2019 05:20:39] "GET /static/coloring/css/styledComps.css HTTP/1.1" 200 953
[15/Jul/2019 05:20:44] "GET /static/coloring/images/expandOut.png HTTP/1.1" 304 0
[15/Jul/2019 05:20:44] "GET /static/coloring/images/pencilIco.png HTTP/1.1" 304 0
[15/Jul/2019 05:20:55] "GET /static/coloring/css/styledComps.css HTTP/1.1" 304 0
[15/Jul/2019 05:23:36] "GET /coloring/ HTTP/1.1" 200 9455
[15/Jul/2019 05:23:36] "GET /static/coloring/css/styledComps.css HTTP/1.1" 304 0
[15/Jul/2019 05:23:36] "GET /static/coloring/images/expandIn.png HTTP/1.1" 304 0
[15/Jul/2019 05:23:38] "GET /static/coloring/images/pencilIco.png HTTP/1.1" 304 0
[15/Jul/2019 05:23:41] "GET /static/coloring/images/expandOut.png HTTP/1.1" 304 0
[15/Jul/2019 05:23:41] "GET /static/coloring/images/expandIn.png HTTP/1.1" 304 0
[15/Jul/2019 05:23:49] "GET /static/coloring/css/styledComps.css HTTP/1.1" 304 0
[15/Jul/2019 05:23:54] "GET /static/coloring/images/expandOut.png HTTP/1.1" 304 0
[15/Jul/2019 05:23:59] "GET /static/coloring/images/expandIn.png HTTP/1.1" 304 0
[15/Jul/2019 05:24:19] "GET /coloring/ HTTP/1.1" 200 9455
[15/Jul/2019 05:24:19] "GET /static/coloring/css/styledComps.css HTTP/1.1" 304 0
[15/Jul/2019 05:24:19] "GET /static/coloring/images/expandIn.png HTTP/1.1" 304 0
[15/Jul/2019 05:24:22] "GET /static/coloring/images/expandOut.png HTTP/1.1" 304 0
[15/Jul/2019 05:28:02] "GET /coloring/ HTTP/1.1" 200 9455
[15/Jul/2019 05:28:02] "GET /static/coloring/css/styledComps.css HTTP/1.1" 200 953
[15/Jul/2019 05:28:02] "GET /static/coloring/images/expandIn.png HTTP/1.1" 304 0
[15/Jul/2019 05:28:04] "GET /static/coloring/images/pencilIco.png HTTP/1.1" 304 0
[15/Jul/2019 05:29:42] "GET /coloring/ HTTP/1.1" 200 9455
[15/Jul/2019 05:29:42] "GET /static/coloring/images/expandIn.png HTTP/1.1" 304 0
[15/Jul/2019 05:29:42] "GET /static/coloring/css/styledComps.css HTTP/1.1" 200 953
[15/Jul/2019 05:29:44] "GET /static/coloring/images/pencilIco.png HTTP/1.1" 304 0
[15/Jul/2019 05:33:45] "GET /coloring/ HTTP/1.1" 200 9455
[15/Jul/2019 05:33:45] "GET /static/coloring/css/styledComps.css HTTP/1.1" 200 977
[15/Jul/2019 05:33:45] "GET /static/coloring/images/expandIn.png HTTP/1.1" 304 0
[15/Jul/2019 05:33:46] "GET /static/coloring/images/pencilIco.png HTTP/1.1" 304 0
[15/Jul/2019 05:35:52] "GET /coloring/ HTTP/1.1" 200 9455
[15/Jul/2019 05:35:52] "GET /static/coloring/images/expandIn.png HTTP/1.1" 304 0
[15/Jul/2019 05:35:52] "GET /static/coloring/css/styledComps.css HTTP/1.1" 200 970
[15/Jul/2019 05:35:53] "GET /static/coloring/images/pencilIco.png HTTP/1.1" 304 0
[15/Jul/2019 05:36:46] "GET /coloring/ HTTP/1.1" 200 9455
[15/Jul/2019 05:36:46] "GET /static/coloring/images/expandIn.png HTTP/1.1" 304 0
[15/Jul/2019 05:36:46] "GET /static/coloring/css/styledComps.css HTTP/1.1" 200 990
[15/Jul/2019 05:39:57] "GET /coloring/ HTTP/1.1" 200 9473
[15/Jul/2019 05:39:57] "GET /static/coloring/css/styledComps.css HTTP/1.1" 200 1015
[15/Jul/2019 05:39:57] "GET /static/coloring/images/expandIn.png HTTP/1.1" 304 0
[15/Jul/2019 05:40:02] "GET /static/coloring/images/pencilIco.png HTTP/1.1" 304 0
[15/Jul/2019 05:42:07] "GET /coloring/ HTTP/1.1" 200 9687
[15/Jul/2019 05:42:07] "GET /static/coloring/css/styledComps.css HTTP/1.1" 304 0
[15/Jul/2019 05:42:07] "GET /static/coloring/images/expandIn.png HTTP/1.1" 304 0
[15/Jul/2019 05:47:46] "GET /coloring/ HTTP/1.1" 200 9721
[15/Jul/2019 05:47:46] "GET /static/coloring/css/styledComps.css HTTP/1.1" 304 0
[15/Jul/2019 05:47:46] "GET /static/coloring/images/expandIn.png HTTP/1.1" 304 0
[15/Jul/2019 05:47:47] "GET /static/coloring/images/pencilIco.png HTTP/1.1" 304 0
[15/Jul/2019 05:47:58] "GET /static/coloring/images/expandOut.png HTTP/1.1" 304 0
[15/Jul/2019 05:49:27] "GET /static/coloring/images/expandOut.png HTTP/1.1" 304 0
[15/Jul/2019 05:51:18] "GET /coloring/ HTTP/1.1" 200 9735
[15/Jul/2019 05:51:18] "GET /static/coloring/css/styledComps.css HTTP/1.1" 200 988
[15/Jul/2019 05:51:18] "GET /static/coloring/images/expandIn.png HTTP/1.1" 304 0
[15/Jul/2019 05:51:22] "GET /static/coloring/images/pencilIco.png HTTP/1.1" 304 0
[15/Jul/2019 05:51:42] "GET /coloring/ HTTP/1.1" 200 9735
[15/Jul/2019 05:51:42] "GET /static/coloring/css/styledComps.css HTTP/1.1" 200 1017
[15/Jul/2019 05:51:42] "GET /static/coloring/images/expandIn.png HTTP/1.1" 304 0
[15/Jul/2019 05:52:10] "GET /coloring/ HTTP/1.1" 200 9735
[15/Jul/2019 05:52:10] "GET /static/coloring/css/styledComps.css HTTP/1.1" 200 1018
[15/Jul/2019 05:52:10] "GET /static/coloring/images/expandIn.png HTTP/1.1" 304 0
[15/Jul/2019 05:53:00] "GET /coloring/ HTTP/1.1" 200 9735
[15/Jul/2019 05:53:01] "GET /static/coloring/css/styledComps.css HTTP/1.1" 304 0
[15/Jul/2019 05:53:01] "GET /static/coloring/images/expandIn.png HTTP/1.1" 304 0
[15/Jul/2019 05:53:27] "GET /coloring/ HTTP/1.1" 200 9748
[15/Jul/2019 05:53:27] "GET /static/coloring/css/styledComps.css HTTP/1.1" 304 0
[15/Jul/2019 05:53:27] "GET /static/coloring/images/expandIn.png HTTP/1.1" 304 0
[15/Jul/2019 05:54:28] "GET /coloring/ HTTP/1.1" 200 9734
[15/Jul/2019 05:54:28] "GET /static/coloring/css/styledComps.css HTTP/1.1" 200 1060
[15/Jul/2019 05:54:28] "GET /static/coloring/images/expandIn.png HTTP/1.1" 304 0
[15/Jul/2019 05:54:45] "GET /coloring/ HTTP/1.1" 200 9736
[15/Jul/2019 05:54:46] "GET /static/coloring/css/styledComps.css HTTP/1.1" 304 0
[15/Jul/2019 05:54:46] "GET /static/coloring/images/expandIn.png HTTP/1.1" 304 0
[15/Jul/2019 05:55:31] "GET /coloring/ HTTP/1.1" 200 9736
[15/Jul/2019 05:55:31] "GET /static/coloring/css/styledComps.css HTTP/1.1" 200 1057
[15/Jul/2019 05:55:31] "GET /static/coloring/images/expandIn.png HTTP/1.1" 304 0
[15/Jul/2019 05:55:47] "GET /static/coloring/images/pencilIco.png HTTP/1.1" 304 0
[15/Jul/2019 05:55:48] "GET /coloring/ HTTP/1.1" 200 9736
[15/Jul/2019 05:55:48] "GET /static/coloring/css/styledComps.css HTTP/1.1" 200 1077
[15/Jul/2019 05:55:48] "GET /static/coloring/images/expandIn.png HTTP/1.1" 304 0
[15/Jul/2019 05:57:57] "GET /coloring/ HTTP/1.1" 200 9723
[15/Jul/2019 05:57:57] "GET /static/coloring/css/styledComps.css HTTP/1.1" 200 1105
[15/Jul/2019 05:57:57] "GET /static/coloring/images/expandIn.png HTTP/1.1" 304 0
[15/Jul/2019 05:59:19] "GET /coloring/ HTTP/1.1" 200 9796
[15/Jul/2019 05:59:20] "GET /static/coloring/css/styledComps.css HTTP/1.1" 304 0
[15/Jul/2019 05:59:20] "GET /static/coloring/images/expandIn.png HTTP/1.1" 304 0
[15/Jul/2019 06:03:11] "GET /coloring/ HTTP/1.1" 200 9857
[15/Jul/2019 06:03:11] "GET /static/coloring/css/styledComps.css HTTP/1.1" 304 0
[15/Jul/2019 06:03:11] "GET /static/coloring/images/expandIn.png HTTP/1.1" 304 0
[15/Jul/2019 06:03:20] "GET /static/coloring/images/pencilIco.png HTTP/1.1" 304 0
[15/Jul/2019 06:03:31] "GET /coloring/ HTTP/1.1" 200 9859
[15/Jul/2019 06:03:31] "GET /static/coloring/css/styledComps.css HTTP/1.1" 304 0
[15/Jul/2019 06:03:31] "GET /static/coloring/images/expandIn.png HTTP/1.1" 304 0
[15/Jul/2019 06:04:08] "GET /coloring/ HTTP/1.1" 200 9862
[15/Jul/2019 06:04:09] "GET /static/coloring/css/styledComps.css HTTP/1.1" 304 0
[15/Jul/2019 06:04:09] "GET /static/coloring/images/expandIn.png HTTP/1.1" 304 0
[15/Jul/2019 06:05:33] "GET /coloring/ HTTP/1.1" 200 9797
[15/Jul/2019 06:05:33] "GET /static/coloring/css/styledComps.css HTTP/1.1" 304 0
[15/Jul/2019 06:05:33] "GET /static/coloring/images/expandIn.png HTTP/1.1" 304 0
[15/Jul/2019 06:05:39] "GET /static/coloring/images/expandOut.png HTTP/1.1" 304 0
[15/Jul/2019 06:09:08] "GET /coloring/ HTTP/1.1" 200 9934
[15/Jul/2019 06:09:08] "GET /static/coloring/css/styledComps.css HTTP/1.1" 304 0
[15/Jul/2019 06:09:08] "GET /static/coloring/images/expandIn.png HTTP/1.1" 304 0
[15/Jul/2019 06:09:11] "GET /static/coloring/images/pencilIco.png HTTP/1.1" 304 0
[15/Jul/2019 06:10:20] "GET /coloring/ HTTP/1.1" 200 10040
[15/Jul/2019 06:10:20] "GET /static/coloring/css/styledComps.css HTTP/1.1" 304 0
[15/Jul/2019 06:10:20] "GET /static/coloring/images/expandIn.png HTTP/1.1" 304 0
[15/Jul/2019 06:10:45] "GET /coloring/ HTTP/1.1" 200 10040
[15/Jul/2019 06:10:45] "GET /static/coloring/css/styledComps.css HTTP/1.1" 304 0
[15/Jul/2019 06:10:45] "GET /static/coloring/images/expandIn.png HTTP/1.1" 304 0
[15/Jul/2019 06:11:08] "GET /coloring/ HTTP/1.1" 200 10040
[15/Jul/2019 06:11:08] "GET /static/coloring/css/styledComps.css HTTP/1.1" 304 0
[15/Jul/2019 06:11:08] "GET /static/coloring/images/expandIn.png HTTP/1.1" 304 0
[15/Jul/2019 06:11:36] "GET /coloring/ HTTP/1.1" 200 10040
[15/Jul/2019 06:11:36] "GET /static/coloring/css/styledComps.css HTTP/1.1" 304 0
[15/Jul/2019 06:11:36] "GET /static/coloring/images/expandIn.png HTTP/1.1" 304 0
[15/Jul/2019 06:12:00] "GET /coloring/ HTTP/1.1" 200 10040
[15/Jul/2019 06:12:00] "GET /static/coloring/css/styledComps.css HTTP/1.1" 200 1140
[15/Jul/2019 06:12:00] "GET /static/coloring/images/expandIn.png HTTP/1.1" 304 0
[15/Jul/2019 06:12:36] "GET /coloring/ HTTP/1.1" 200 10068
[15/Jul/2019 06:12:36] "GET /static/coloring/css/styledComps.css HTTP/1.1" 304 0
[15/Jul/2019 06:12:36] "GET /static/coloring/images/expandIn.png HTTP/1.1" 304 0
[15/Jul/2019 06:14:07] "GET /coloring/ HTTP/1.1" 200 10119
[15/Jul/2019 06:14:07] "GET /static/coloring/css/styledComps.css HTTP/1.1" 304 0
[15/Jul/2019 06:14:07] "GET /static/coloring/images/expandIn.png HTTP/1.1" 304 0
[15/Jul/2019 06:15:26] "GET /static/coloring/images/expandOut.png HTTP/1.1" 304 0
[15/Jul/2019 06:28:09] "GET /coloring/ HTTP/1.1" 200 10495
[15/Jul/2019 06:28:09] "GET /static/coloring/css/styledComps.css HTTP/1.1" 304 0
[15/Jul/2019 06:28:09] "GET /static/coloring/images/expandIn.png HTTP/1.1" 304 0
[15/Jul/2019 06:28:10] "GET /static/coloring/images/pencilIco.png HTTP/1.1" 304 0
[15/Jul/2019 06:29:00] "GET /coloring/ HTTP/1.1" 200 10523
[15/Jul/2019 06:29:00] "GET /static/coloring/css/styledComps.css HTTP/1.1" 304 0
[15/Jul/2019 06:29:00] "GET /static/coloring/images/expandIn.png HTTP/1.1" 304 0
[15/Jul/2019 06:29:19] "GET /coloring/ HTTP/1.1" 200 10544
[15/Jul/2019 06:29:20] "GET /static/coloring/css/styledComps.css HTTP/1.1" 304 0
[15/Jul/2019 06:29:20] "GET /static/coloring/images/expandIn.png HTTP/1.1" 304 0
[15/Jul/2019 06:34:22] "GET /coloring/ HTTP/1.1" 200 10329
[15/Jul/2019 06:34:22] "GET /static/coloring/css/styledComps.css HTTP/1.1" 304 0
[15/Jul/2019 06:34:22] "GET /static/coloring/images/expandIn.png HTTP/1.1" 304 0
[15/Jul/2019 06:35:15] "GET /coloring/ HTTP/1.1" 200 10324
[15/Jul/2019 06:35:15] "GET /static/coloring/images/expandIn.png HTTP/1.1" 304 0
[15/Jul/2019 06:35:15] "GET /static/coloring/css/styledComps.css HTTP/1.1" 304 0
[15/Jul/2019 06:35:43] "GET /static/coloring/images/expandOut.png HTTP/1.1" 304 0
[15/Jul/2019 06:42:40] "GET /coloring/ HTTP/1.1" 200 10636
[15/Jul/2019 06:42:40] "GET /static/coloring/css/styledComps.css HTTP/1.1" 304 0
[15/Jul/2019 06:42:40] "GET /static/coloring/images/expandIn.png HTTP/1.1" 304 0
[15/Jul/2019 06:42:41] "GET /static/coloring/images/pencilIco.png HTTP/1.1" 304 0
[15/Jul/2019 06:43:47] "GET /coloring/ HTTP/1.1" 200 10507
[15/Jul/2019 06:43:47] "GET /static/coloring/css/styledComps.css HTTP/1.1" 304 0
[15/Jul/2019 06:43:47] "GET /static/coloring/images/expandIn.png HTTP/1.1" 304 0
[15/Jul/2019 06:43:52] "GET /static/coloring/images/expandOut.png HTTP/1.1" 304 0
[15/Jul/2019 06:44:38] "GET /coloring/ HTTP/1.1" 200 10523
[15/Jul/2019 06:44:39] "GET /static/coloring/css/styledComps.css HTTP/1.1" 304 0
[15/Jul/2019 06:45:34] "GET /coloring/ HTTP/1.1" 200 10523
[15/Jul/2019 06:45:34] "GET /static/coloring/css/styledComps.css HTTP/1.1" 200 1159
[15/Jul/2019 06:45:34] "GET /static/coloring/images/expandIn.png HTTP/1.1" 304 0
[15/Jul/2019 06:45:44] "GET /coloring/ HTTP/1.1" 200 10523
[15/Jul/2019 06:45:45] "GET /static/coloring/css/styledComps.css HTTP/1.1" 200 1162
[15/Jul/2019 06:46:08] "GET /coloring/ HTTP/1.1" 200 10523
[15/Jul/2019 06:46:08] "GET /static/coloring/css/styledComps.css HTTP/1.1" 200 1162
[15/Jul/2019 07:05:32] "GET /coloring/ HTTP/1.1" 200 10853
[15/Jul/2019 07:05:32] "GET /static/coloring/css/styledComps.css HTTP/1.1" 200 1181
[15/Jul/2019 07:05:32] "GET /static/coloring/images/expandIn.png HTTP/1.1" 304 0
[15/Jul/2019 07:05:36] "GET /static/coloring/images/pencilIco.png HTTP/1.1" 304 0
[15/Jul/2019 07:06:47] "GET /coloring/ HTTP/1.1" 200 10934
[15/Jul/2019 07:06:47] "GET /static/coloring/css/styledComps.css HTTP/1.1" 304 0
[15/Jul/2019 07:10:00] "GET /static/coloring/images/expandOut.png HTTP/1.1" 304 0
[15/Jul/2019 07:11:03] "GET /coloring/ HTTP/1.1" 200 10934
[15/Jul/2019 07:11:03] "GET /static/coloring/images/expandIn.png HTTP/1.1" 304 0
[15/Jul/2019 07:11:03] "GET /static/coloring/css/styledComps.css HTTP/1.1" 200 1244
[15/Jul/2019 07:11:36] "GET /coloring/ HTTP/1.1" 200 10934
[15/Jul/2019 07:11:36] "GET /static/coloring/css/styledComps.css HTTP/1.1" 200 1279
[15/Jul/2019 07:12:05] "GET /coloring/ HTTP/1.1" 200 10934
[15/Jul/2019 07:12:05] "GET /static/coloring/css/styledComps.css HTTP/1.1" 200 1294
[15/Jul/2019 07:12:19] "GET /coloring/ HTTP/1.1" 200 10934
[15/Jul/2019 07:12:19] "GET /static/coloring/css/styledComps.css HTTP/1.1" 200 1328
[15/Jul/2019 07:13:00] "GET /coloring/ HTTP/1.1" 200 10934
[15/Jul/2019 07:13:00] "GET /static/coloring/css/styledComps.css HTTP/1.1" 200 1346
[15/Jul/2019 07:13:25] "GET /coloring/ HTTP/1.1" 200 10934
[15/Jul/2019 07:13:25] "GET /static/coloring/css/styledComps.css HTTP/1.1" 200 1366
[15/Jul/2019 07:14:41] "GET /coloring/ HTTP/1.1" 200 10934
[15/Jul/2019 07:14:41] "GET /static/coloring/css/styledComps.css HTTP/1.1" 200 1398
[15/Jul/2019 07:16:58] "GET /coloring/ HTTP/1.1" 200 10934
[15/Jul/2019 07:16:58] "GET /static/coloring/css/styledComps.css HTTP/1.1" 200 1405
[15/Jul/2019 07:16:58] "GET /static/coloring/images/expandIn.png HTTP/1.1" 304 0
[15/Jul/2019 07:16:59] "GET /static/coloring/images/pencilIco.png HTTP/1.1" 304 0
[15/Jul/2019 07:17:51] "GET /coloring/ HTTP/1.1" 200 10934
[15/Jul/2019 07:17:51] "GET /static/coloring/css/styledComps.css HTTP/1.1" 200 1489
[15/Jul/2019 07:18:06] "GET /coloring/ HTTP/1.1" 200 10934
[15/Jul/2019 07:18:06] "GET /static/coloring/css/styledComps.css HTTP/1.1" 200 1489
[15/Jul/2019 07:19:00] "GET /coloring/ HTTP/1.1" 200 10934
[15/Jul/2019 07:19:00] "GET /static/coloring/css/styledComps.css HTTP/1.1" 200 1489
[15/Jul/2019 07:20:24] "GET /coloring/ HTTP/1.1" 200 10934
[15/Jul/2019 07:20:25] "GET /static/coloring/css/styledComps.css HTTP/1.1" 200 1511
[15/Jul/2019 07:20:39] "GET /coloring/ HTTP/1.1" 200 10934
[15/Jul/2019 07:20:39] "GET /static/coloring/css/styledComps.css HTTP/1.1" 200 1507
[15/Jul/2019 07:21:00] "GET /coloring/ HTTP/1.1" 200 10934
[15/Jul/2019 07:21:00] "GET /static/coloring/css/styledComps.css HTTP/1.1" 200 1507
[15/Jul/2019 07:24:10] "GET /coloring/ HTTP/1.1" 200 11094
[15/Jul/2019 07:24:11] "GET /static/coloring/css/styledComps.css HTTP/1.1" 304 0
[15/Jul/2019 07:24:11] "GET /static/coloring/images/expandIn.png HTTP/1.1" 304 0
[15/Jul/2019 07:26:14] "GET /static/coloring/images/expandOut.png HTTP/1.1" 304 0
[15/Jul/2019 07:28:24] "GET /coloring/ HTTP/1.1" 200 11094
[15/Jul/2019 07:28:24] "GET /static/coloring/css/styledComps.css HTTP/1.1" 304 0
[15/Jul/2019 07:31:08] "GET /static/coloring/images/pencilIco.png HTTP/1.1" 304 0
[15/Jul/2019 07:34:27] "GET /coloring/ HTTP/1.1" 200 11096
[15/Jul/2019 07:34:27] "GET /static/coloring/images/expandIn.png HTTP/1.1" 304 0
[15/Jul/2019 07:34:27] "GET /static/coloring/css/styledComps.css HTTP/1.1" 304 0
[15/Jul/2019 07:35:15] "GET /coloring/ HTTP/1.1" 200 11096
[15/Jul/2019 07:35:15] "GET /static/coloring/css/styledComps.css HTTP/1.1" 304 0
[15/Jul/2019 07:35:18] "GET /static/coloring/images/expandOut.png HTTP/1.1" 304 0
[15/Jul/2019 07:55:29] "GET /static/coloring/images/expandIn.png HTTP/1.1" 304 0
[15/Jul/2019 07:57:52] "GET /static/coloring/images/expandOut.png HTTP/1.1" 304 0
[15/Jul/2019 08:41:49] "GET /static/coloring/images/expandOut.png HTTP/1.1" 304 0
[15/Jul/2019 10:32:30] "GET /coloring/ HTTP/1.1" 200 11096
Not Found: /favicon.ico
[15/Jul/2019 10:32:30] "GET /favicon.ico HTTP/1.1" 404 2097
[15/Jul/2019 10:32:30] "GET /admin/login/?next=/admin/ HTTP/1.1" 200 1819
[15/Jul/2019 10:32:32] "GET /coloring/ HTTP/1.1" 200 11096
[15/Jul/2019 10:32:33] "GET /static/coloring/css/styledComps.css HTTP/1.1" 304 0
[15/Jul/2019 10:32:33] "GET /static/coloring/images/expandIn.png HTTP/1.1" 304 0
[15/Jul/2019 10:32:34] "GET /coloring/ HTTP/1.1" 200 11096
Not Found: /favicon.ico
[15/Jul/2019 10:32:34] "GET /favicon.ico HTTP/1.1" 404 2097
[15/Jul/2019 10:32:37] "GET /static/coloring/images/pencilIco.png HTTP/1.1" 304 0
[15/Jul/2019 10:32:40] "GET /static/coloring/images/expandOut.png HTTP/1.1" 304 0
[15/Jul/2019 10:43:02] "GET /coloring/ HTTP/1.1" 200 11096
[15/Jul/2019 10:43:02] "GET /static/coloring/css/styledComps.css HTTP/1.1" 304 0
[15/Jul/2019 11:53:50] "GET /coloring/ HTTP/1.1" 200 11096
[15/Jul/2019 11:53:51] "GET /static/coloring/css/styledComps.css HTTP/1.1" 304 0
[15/Jul/2019 11:53:51] "GET /static/coloring/vendors/jquery/jquery-3.3.1.min.js HTTP/1.1" 304 0
[15/Jul/2019 11:53:51] "GET /static/coloring/images/expandIn.png HTTP/1.1" 304 0
[15/Jul/2019 11:53:51] "GET /static/coloring/vendors/paper/paper-full.min.js HTTP/1.1" 304 0
[15/Jul/2019 11:53:51] "GET /static/coloring/vendors/material/material-colors.json HTTP/1.1" 304 0
[15/Jul/2019 11:53:51] "GET /static/coloring/images/mandala-freepik.svg HTTP/1.1" 304 0
[15/Jul/2019 11:53:53] "GET /static/coloring/images/expandOut.png HTTP/1.1" 304 0
[15/Jul/2019 11:53:53] "GET /static/coloring/images/pencilIco.png HTTP/1.1" 304 0
